android/app/build/intermediates/manifest_merge_blame_file/debug/manifest-merger-blame-debug-report.txt
1<?xml version="1.0" encoding="utf-8"?>
2<manifest xmlns:android="http://schemas.android.com/apk/res/android"
3    package="com.selenalee123.firstappv2"
4    android:versionCode="1"
5    android:versionName="1.0" >
6
7    <uses-sdk
8        android:minSdkVersion="21"
9        android:targetSdkVersion="29" />
10
11    <uses-permission android:name="android.permission.SYSTEM_ALERT_WINDOW" />
11-->src\main\AndroidManifest.xml:4:3-75
11-->src\main\AndroidManifest.xml:4:20-73
12    <uses-permission android:name="android.permission.INTERNET" />
12-->src\main\AndroidManifest.xml:2:3-64
12-->src\main\AndroidManifest.xml:2:20-62
13    <uses-permission android:name="android.permission.READ_PHONE_STATE" />
13-->src\main\AndroidManifest.xml:5:3-72
13-->src\main\AndroidManifest.xml:5:20-70
14    <uses-permission android:name="android.permission.USE_FINGERPRINT" />
14-->src\main\AndroidManifest.xml:6:3-71
14-->src\main\AndroidManifest.xml:6:20-69
15    <uses-permission android:name="android.permission.USE_BIOMETRIC" />
15-->src\main\AndroidManifest.xml:7:3-69
15-->src\main\AndroidManifest.xml:7:20-67
16    <uses-permission android:name="android.permission.VIBRATE" />
16-->src\main\AndroidManifest.xml:8:3-63
16-->src\main\AndroidManifest.xml:8:20-61
17    <uses-permission android:name="android.permission.MODIFY_AUDIO_SETTINGS" /> <!-- These require runtime permissions on M -->
17-->src\main\AndroidManifest.xml:9:3-77
17-->src\main\AndroidManifest.xml:9:20-75
18    <uses-permission android:name="android.permission.ACCESS_COARSE_LOCATION" />
18-->src\main\AndroidManifest.xml:11:3-78
18-->src\main\AndroidManifest.xml:11:20-76
19    <uses-permission android:name="android.permission.ACCESS_FINE_LOCATION" />
19-->src\main\AndroidManifest.xml:12:3-76
19-->src\main\AndroidManifest.xml:12:20-74
20    <uses-permission android:name="android.permission.ACCESS_BACKGROUND_LOCATION" />
20-->src\main\AndroidManifest.xml:13:3-82
20-->src\main\AndroidManifest.xml:13:20-80
21    <uses-permission android:name="android.permission.CAMERA" />
21-->src\main\AndroidManifest.xml:14:3-62
21-->src\main\AndroidManifest.xml:14:20-60
22    <uses-permission android:name="android.permission.RECORD_AUDIO" />
22-->src\main\AndroidManifest.xml:15:3-68
22-->src\main\AndroidManifest.xml:15:20-66
23    <uses-permission android:name="android.permission.READ_CONTACTS" />
23-->src\main\AndroidManifest.xml:16:3-69
23-->src\main\AndroidManifest.xml:16:20-67
24    <uses-permission android:name="android.permission.WRITE_CONTACTS" />
24-->src\main\AndroidManifest.xml:17:3-70
24-->src\main\AndroidManifest.xml:17:20-68
25    <uses-permission android:name="android.permission.READ_CALENDAR" />
25-->src\main\AndroidManifest.xml:18:3-69
25-->src\main\AndroidManifest.xml:18:20-67
26    <uses-permission android:name="android.permission.WRITE_CALENDAR" />
26-->src\main\AndroidManifest.xml:19:3-70
26-->src\main\AndroidManifest.xml:19:20-68
27    <uses-permission android:name="android.permission.READ_EXTERNAL_STORAGE" />
27-->src\main\AndroidManifest.xml:20:3-77
27-->src\main\AndroidManifest.xml:20:20-75
28    <uses-permission android:name="android.permission.WRITE_EXTERNAL_STORAGE" />
28-->src\main\AndroidManifest.xml:21:3-78
28-->src\main\AndroidManifest.xml:21:20-76
29    <uses-permission android:name="android.permission.WRITE_SETTINGS" /> <!-- Required -->
29-->src\main\AndroidManifest.xml:22:3-70
29-->src\main\AndroidManifest.xml:22:20-68
30    <uses-permission android:name="android.permission.CAMERA" /> <!-- Include this only if you are planning to use the camera roll -->
30-->src\main\AndroidManifest.xml:14:3-62
30-->src\main\AndroidManifest.xml:14:20-60
31    <uses-permission android:name="android.permission.READ_EXTERNAL_STORAGE" />
31-->src\main\AndroidManifest.xml:20:3-77
31-->src\main\AndroidManifest.xml:20:20-75
32    <uses-permission android:name="android.permission.WRITE_EXTERNAL_STORAGE" /> <!-- Include this only if you are planning to use the microphone for video recording -->
32-->src\main\AndroidManifest.xml:21:3-78
32-->src\main\AndroidManifest.xml:21:20-76
33    <uses-permission android:name="android.permission.RECORD_AUDIO" />
33-->src\main\AndroidManifest.xml:15:3-68
33-->src\main\AndroidManifest.xml:15:20-66
34    <uses-permission android:name="android.permission.ACCESS_WIFI_STATE" />
34-->[com.facebook.flipper:flipper:0.54.0] AndroidManifest.xml:16:5-76
34-->[com.facebook.flipper:flipper:0.54.0] AndroidManifest.xml:16:22-73
35    <uses-permission android:name="android.permission.WAKE_LOCK" />
35-->[:react-native-firebase_auth] AndroidManifest.xml:12:5-68
35-->[:react-native-firebase_auth] AndroidManifest.xml:12:22-65
36    <uses-permission android:name="android.permission.ACCESS_NETWORK_STATE" />
36-->[:react-native-firebase_auth] AndroidManifest.xml:13:5-79
36-->[:react-native-firebase_auth] AndroidManifest.xml:13:22-76
37
38    <uses-feature
38-->[:react-native-camera] AndroidManifest.xml:11:5-13:36
39        android:name="android.hardware.camera"
39-->[:react-native-camera] AndroidManifest.xml:12:9-47
40        android:required="false" />
40-->[:react-native-camera] AndroidManifest.xml:13:9-33
41    <uses-feature
41-->[:react-native-camera] AndroidManifest.xml:14:5-16:36
42        android:name="android.hardware.camera.autofocus"
42-->[:react-native-camera] AndroidManifest.xml:15:9-57
43        android:required="false" />
43-->[:react-native-camera] AndroidManifest.xml:16:9-33
44
45    <uses-permission android:name="android.permission.FOREGROUND_SERVICE" />
45-->[:expo-location] AndroidManifest.xml:14:5-77
45-->[:expo-location] AndroidManifest.xml:14:22-74
46    <uses-permission android:name="com.google.android.finsky.permission.BIND_GET_INSTALL_REFERRER_SERVICE" />
46-->[com.google.android.gms:play-services-measurement:18.0.0] AndroidManifest.xml:26:5-110
46-->[com.google.android.gms:play-services-measurement:18.0.0] AndroidManifest.xml:26:22-107
47    <uses-permission android:name="com.google.android.providers.gsf.permission.READ_GSERVICES" />
47-->[io.nlopez.smartlocation:library:3.2.11] AndroidManifest.xml:15:5-98
47-->[io.nlopez.smartlocation:library:3.2.11] AndroidManifest.xml:15:22-95
48    <uses-permission android:name="com.google.android.gms.permission.ACTIVITY_RECOGNITION" />
48-->[io.nlopez.smartlocation:library:3.2.11] AndroidManifest.xml:16:5-94
48-->[io.nlopez.smartlocation:library:3.2.11] AndroidManifest.xml:16:22-91
49
50    <application
50-->src\main\AndroidManifest.xml:34:3-64:17
51        android:name="com.selenalee123.firstappv2.MainApplication"
51-->src\main\AndroidManifest.xml:34:16-47
52        android:allowBackup="false"
52-->src\main\AndroidManifest.xml:34:162-189
53        android:appComponentFactory="androidx.core.app.CoreComponentFactory"
53-->[androidx.core:core:1.1.0] AndroidManifest.xml:24:18-86
54        android:debuggable="true"
55        android:icon="@mipmap/ic_launcher"
55-->src\main\AndroidManifest.xml:34:81-115
56        android:label="@string/app_name"
56-->src\main\AndroidManifest.xml:34:48-80
57        android:roundIcon="@mipmap/ic_launcher_round"
57-->src\main\AndroidManifest.xml:34:116-161
58        android:supportsRtl="true"
58-->[com.facebook.android:facebook-android-sdk:7.1.0] AndroidManifest.xml:28:18-44
59        android:theme="@style/AppTheme"
59-->src\main\AndroidManifest.xml:34:190-221
60        android:usesCleartextTraffic="true" >
60-->src\debug\AndroidManifest.xml:6:18-53
61        <meta-data
61-->src\main\AndroidManifest.xml:35:5-103
62            android:name="expo.modules.updates.EXPO_UPDATE_URL"
62-->src\main\AndroidManifest.xml:35:16-67
63            android:value="YOUR-APP-URL-HERE" />
63-->src\main\AndroidManifest.xml:35:68-101
64        <meta-data
64-->src\main\AndroidManifest.xml:36:5-112
65            android:name="expo.modules.updates.EXPO_SDK_VERSION"
65-->src\main\AndroidManifest.xml:36:16-68
66            android:value="YOUR-APP-SDK-VERSION-HERE" /> <!-- facebook -->
66-->src\main\AndroidManifest.xml:36:69-110
67        <meta-data
67-->src\main\AndroidManifest.xml:39:5-40:50
68            android:name="com.facebook.sdk.ApplicationId"
68-->src\main\AndroidManifest.xml:39:16-61
69            android:value="@string/facebook_app_id" />
69-->src\main\AndroidManifest.xml:40:9-48
70
71        <activity
71-->src\main\AndroidManifest.xml:42:5-45:44
72            android:name="com.facebook.FacebookActivity"
72-->src\main\AndroidManifest.xml:42:15-59
73            android:configChanges="keyboard|keyboardHidden|screenLayout|screenSize|orientation"
73-->src\main\AndroidManifest.xml:43:9-110
74            android:label="@string/app_name"
74-->src\main\AndroidManifest.xml:45:9-41
75            android:theme="@style/com_facebook_activity_theme" />
75-->[com.facebook.android:facebook-common:7.1.0] AndroidManifest.xml:33:13-63
76        <activity
76-->src\main\AndroidManifest.xml:46:5-55:16
77            android:name="com.facebook.CustomTabActivity"
77-->src\main\AndroidManifest.xml:47:9-54
78            android:exported="true" >
78-->src\main\AndroidManifest.xml:48:9-32
79            <intent-filter>
79-->src\main\AndroidManifest.xml:49:9-54:25
80                <action android:name="android.intent.action.VIEW" />
80-->src\main\AndroidManifest.xml:50:13-65
80-->src\main\AndroidManifest.xml:50:21-62
81
82                <category android:name="android.intent.category.DEFAULT" />
82-->src\main\AndroidManifest.xml:51:13-72
82-->src\main\AndroidManifest.xml:51:23-69
83                <category android:name="android.intent.category.BROWSABLE" />
83-->src\main\AndroidManifest.xml:52:13-74
83-->src\main\AndroidManifest.xml:52:23-71
84
85                <data android:scheme="@string/fb_login_protocol_scheme" />
85-->src\main\AndroidManifest.xml:53:13-71
85-->src\main\AndroidManifest.xml:53:19-68
86            </intent-filter>
87            <intent-filter>
87-->[com.facebook.android:facebook-common:7.1.0] AndroidManifest.xml:39:13-48:29
88                <action android:name="android.intent.action.VIEW" />
88-->src\main\AndroidManifest.xml:50:13-65
88-->src\main\AndroidManifest.xml:50:21-62
89
90                <category android:name="android.intent.category.DEFAULT" />
90-->src\main\AndroidManifest.xml:51:13-72
90-->src\main\AndroidManifest.xml:51:23-69
91                <category android:name="android.intent.category.BROWSABLE" />
91-->src\main\AndroidManifest.xml:52:13-74
91-->src\main\AndroidManifest.xml:52:23-71
92
93                <data
93-->src\main\AndroidManifest.xml:53:13-71
94                    android:host="cct.com.selenalee123.firstappv2"
95                    android:scheme="fbconnect" />
95-->src\main\AndroidManifest.xml:53:19-68
96            </intent-filter>
97        </activity>
98        <activity
98-->src\main\AndroidManifest.xml:57:5-62:16
99            android:name="com.selenalee123.firstappv2.MainActivity"
99-->src\main\AndroidManifest.xml:57:15-43
100            android:configChanges="keyboard|keyboardHidden|orientation|screenSize|uiMode"
100-->src\main\AndroidManifest.xml:57:77-154
101            android:label="@string/app_name"
101-->src\main\AndroidManifest.xml:57:44-76
102            android:launchMode="singleTask"
102-->src\main\AndroidManifest.xml:57:155-186
103            android:theme="@style/Theme.App.SplashScreen"
103-->src\main\AndroidManifest.xml:57:230-275
104            android:windowSoftInputMode="adjustResize" >
104-->src\main\AndroidManifest.xml:57:187-229
105            <intent-filter>
105-->src\main\AndroidManifest.xml:58:7-61:23
106                <action android:name="android.intent.action.MAIN" />
106-->src\main\AndroidManifest.xml:59:9-60
106-->src\main\AndroidManifest.xml:59:17-58
107
108                <category android:name="android.intent.category.LAUNCHER" />
108-->src\main\AndroidManifest.xml:60:9-68
108-->src\main\AndroidManifest.xml:60:19-66
109            </intent-filter>
110        </activity>
111        <activity android:name="com.facebook.react.devsupport.DevSettingsActivity" />
111-->src\main\AndroidManifest.xml:63:5-81
111-->src\main\AndroidManifest.xml:63:15-79
112
113        <meta-data
113-->[:unimodules-react-native-adapter] AndroidManifest.xml:12:9-14:91
114            android:name="org.unimodules.core.AppLoader#react-native-headless"
114-->[:unimodules-react-native-adapter] AndroidManifest.xml:13:13-79
115            android:value="org.unimodules.adapters.react.apploader.RNHeadlessAppLoader" />
115-->[:unimodules-react-native-adapter] AndroidManifest.xml:14:13-88
116
117        <provider
117-->[:react-native-image-picker] AndroidManifest.xml:10:9-18:20
118            android:name="com.imagepicker.FileProvider"
118-->[:react-native-image-picker] AndroidManifest.xml:11:13-56
119            android:authorities="com.selenalee123.firstappv2.provider"
119-->[:react-native-image-picker] AndroidManifest.xml:12:13-60
120            android:exported="false"
120-->[:react-native-image-picker] AndroidManifest.xml:13:13-37
121            android:grantUriPermissions="true" >
121-->[:react-native-image-picker] AndroidManifest.xml:14:13-47
122            <meta-data
122-->[:react-native-image-picker] AndroidManifest.xml:15:13-17:58
123                android:name="android.support.FILE_PROVIDER_PATHS"
123-->[:react-native-image-picker] AndroidManifest.xml:16:17-67
124                android:resource="@xml/provider_paths" />
124-->[:react-native-image-picker] AndroidManifest.xml:17:17-55
125        </provider>
126        <provider
126-->[:expo-file-system] AndroidManifest.xml:17:9-26:20
127            android:name="expo.modules.filesystem.FileSystemFileProvider"
127-->[:expo-file-system] AndroidManifest.xml:18:13-74
128            android:authorities="com.selenalee123.firstappv2.FileSystemFileProvider"
128-->[:expo-file-system] AndroidManifest.xml:19:13-74
129            android:exported="false"
129-->[:expo-file-system] AndroidManifest.xml:20:13-37
130            android:grantUriPermissions="true" >
130-->[:expo-file-system] AndroidManifest.xml:21:13-47
131            <meta-data
131-->[:react-native-image-picker] AndroidManifest.xml:15:13-17:58
132                android:name="android.support.FILE_PROVIDER_PATHS"
132-->[:react-native-image-picker] AndroidManifest.xml:16:17-67
133                android:resource="@xml/file_system_provider_paths" />
133-->[:react-native-image-picker] AndroidManifest.xml:17:17-55
134        </provider>
135
136        <activity android:name="com.facebook.CustomTabMainActivity" />
136-->[com.facebook.android:facebook-common:7.1.0] AndroidManifest.xml:34:9-71
136-->[com.facebook.android:facebook-common:7.1.0] AndroidManifest.xml:34:19-68
137
138        <service
138-->[:expo-location] AndroidManifest.xml:17:9-19:40
139            android:name="expo.modules.location.services.LocationTaskService"
139-->[:expo-location] AndroidManifest.xml:18:13-78
140            android:exported="false" />
140-->[:expo-location] AndroidManifest.xml:19:13-37
141
142        <activity
142-->[com.google.firebase:firebase-auth:20.0.1] AndroidManifest.xml:27:9-44:20
143            android:name="com.google.firebase.auth.internal.GenericIdpActivity"
143-->[com.google.firebase:firebase-auth:20.0.1] AndroidManifest.xml:28:13-80
144            android:excludeFromRecents="true"
144-->[com.google.firebase:firebase-auth:20.0.1] AndroidManifest.xml:29:13-46
145            android:exported="true"
145-->[com.google.firebase:firebase-auth:20.0.1] AndroidManifest.xml:30:13-36
146            android:launchMode="singleTask"
146-->[com.google.firebase:firebase-auth:20.0.1] AndroidManifest.xml:31:13-44
147            android:theme="@android:style/Theme.Translucent.NoTitleBar" >
147-->[com.google.firebase:firebase-auth:20.0.1] AndroidManifest.xml:32:13-72
148            <intent-filter>
148-->[com.google.firebase:firebase-auth:20.0.1] AndroidManifest.xml:33:13-43:29
149                <action android:name="android.intent.action.VIEW" />
149-->src\main\AndroidManifest.xml:50:13-65
149-->src\main\AndroidManifest.xml:50:21-62
150
151                <category android:name="android.intent.category.DEFAULT" />
151-->src\main\AndroidManifest.xml:51:13-72
151-->src\main\AndroidManifest.xml:51:23-69
152                <category android:name="android.intent.category.BROWSABLE" />
152-->src\main\AndroidManifest.xml:52:13-74
152-->src\main\AndroidManifest.xml:52:23-71
153
154                <data
154-->src\main\AndroidManifest.xml:53:13-71
155                    android:host="firebase.auth"
156                    android:path="/"
157                    android:scheme="genericidp" />
157-->src\main\AndroidManifest.xml:53:19-68
158            </intent-filter>
159        </activity>
160        <activity
160-->[com.google.firebase:firebase-auth:20.0.1] AndroidManifest.xml:45:9-62:20
161            android:name="com.google.firebase.auth.internal.RecaptchaActivity"
161-->[com.google.firebase:firebase-auth:20.0.1] AndroidManifest.xml:46:13-79
162            android:excludeFromRecents="true"
162-->[com.google.firebase:firebase-auth:20.0.1] AndroidManifest.xml:47:13-46
163            android:exported="true"
163-->[com.google.firebase:firebase-auth:20.0.1] AndroidManifest.xml:48:13-36
164            android:launchMode="singleTask"
164-->[com.google.firebase:firebase-auth:20.0.1] AndroidManifest.xml:49:13-44
165            android:theme="@android:style/Theme.Translucent.NoTitleBar" >
165-->[com.google.firebase:firebase-auth:20.0.1] AndroidManifest.xml:50:13-72
166            <intent-filter>
166-->[com.google.firebase:firebase-auth:20.0.1] AndroidManifest.xml:51:13-61:29
167                <action android:name="android.intent.action.VIEW" />
167-->src\main\AndroidManifest.xml:50:13-65
167-->src\main\AndroidManifest.xml:50:21-62
168
169                <category android:name="android.intent.category.DEFAULT" />
169-->src\main\AndroidManifest.xml:51:13-72
169-->src\main\AndroidManifest.xml:51:23-69
170                <category android:name="android.intent.category.BROWSABLE" />
170-->src\main\AndroidManifest.xml:52:13-74
170-->src\main\AndroidManifest.xml:52:23-71
171
172                <data
172-->src\main\AndroidManifest.xml:53:13-71
173                    android:host="firebase.auth"
174                    android:path="/"
175                    android:scheme="recaptcha" />
175-->src\main\AndroidManifest.xml:53:19-68
176            </intent-filter>
177        </activity>
178
179        <service
179-->[com.google.firebase:firebase-auth:20.0.1] AndroidManifest.xml:64:9-73:19
180            android:name="com.google.firebase.auth.api.fallback.service.FirebaseAuthFallbackService"
180-->[com.google.firebase:firebase-auth:20.0.1] AndroidManifest.xml:65:13-101
181            android:enabled="true"
181-->[com.google.firebase:firebase-auth:20.0.1] AndroidManifest.xml:66:13-35
182            android:exported="false" >
182-->[com.google.firebase:firebase-auth:20.0.1] AndroidManifest.xml:67:13-37
183            <intent-filter>
183-->[com.google.firebase:firebase-auth:20.0.1] AndroidManifest.xml:68:13-72:29
184                <action android:name="com.google.firebase.auth.api.gms.service.START" />
184-->[com.google.firebase:firebase-auth:20.0.1] AndroidManifest.xml:69:17-89
184-->[com.google.firebase:firebase-auth:20.0.1] AndroidManifest.xml:69:25-86
185
186                <category android:name="android.intent.category.DEFAULT" />
186-->src\main\AndroidManifest.xml:51:13-72
186-->src\main\AndroidManifest.xml:51:23-69
187            </intent-filter>
188        </service>
189        <service
189-->[com.google.firebase:firebase-auth:20.0.1] AndroidManifest.xml:74:9-80:19
190            android:name="com.google.firebase.components.ComponentDiscoveryService"
190-->[com.google.firebase:firebase-auth:20.0.1] AndroidManifest.xml:75:13-84
191            android:directBootAware="true"
191-->[com.google.firebase:firebase-common:19.5.0] AndroidManifest.xml:35:13-43
192            android:exported="false" >
192-->[com.google.firebase:firebase-auth:20.0.1] AndroidManifest.xml:76:13-37
193            <meta-data
193-->[com.google.firebase:firebase-auth:20.0.1] AndroidManifest.xml:77:13-79:85
194                android:name="com.google.firebase.components:com.google.firebase.auth.FirebaseAuthRegistrar"
194-->[com.google.firebase:firebase-auth:20.0.1] AndroidManifest.xml:78:17-109
195                android:value="com.google.firebase.components.ComponentRegistrar" />
195-->[com.google.firebase:firebase-auth:20.0.1] AndroidManifest.xml:79:17-82
196            <meta-data
196-->[com.google.firebase:firebase-firestore:22.0.1] AndroidManifest.xml:20:13-22:85
197                android:name="com.google.firebase.components:com.google.firebase.firestore.FirestoreRegistrar"
197-->[com.google.firebase:firebase-firestore:22.0.1] AndroidManifest.xml:21:17-111
198                android:value="com.google.firebase.components.ComponentRegistrar" />
198-->[com.google.firebase:firebase-firestore:22.0.1] AndroidManifest.xml:22:17-82
199            <meta-data
199-->[com.google.android.gms:play-services-measurement-api:18.0.0] AndroidManifest.xml:30:13-32:85
200                android:name="com.google.firebase.components:com.google.firebase.analytics.connector.internal.AnalyticsConnectorRegistrar"
200-->[com.google.android.gms:play-services-measurement-api:18.0.0] AndroidManifest.xml:31:17-139
201                android:value="com.google.firebase.components.ComponentRegistrar" />
201-->[com.google.android.gms:play-services-measurement-api:18.0.0] AndroidManifest.xml:32:17-82
202            <meta-data
202-->[com.google.firebase:firebase-installations:16.3.5] AndroidManifest.xml:18:13-20:85
203                android:name="com.google.firebase.components:com.google.firebase.installations.FirebaseInstallationsRegistrar"
203-->[com.google.firebase:firebase-installations:16.3.5] AndroidManifest.xml:19:17-127
204                android:value="com.google.firebase.components.ComponentRegistrar" />
204-->[com.google.firebase:firebase-installations:16.3.5] AndroidManifest.xml:20:17-82
205            <!--
206                This registrar is not defined in the dynamic-module-support sdk itself to allow non-firebase
207                clients to use it as well, by defining this registrar in their own core/common library.
208            -->
209            <meta-data
209-->[com.google.firebase:firebase-common:19.5.0] AndroidManifest.xml:43:13-45:85
210                android:name="com.google.firebase.components:com.google.firebase.dynamicloading.DynamicLoadingRegistrar"
210-->[com.google.firebase:firebase-common:19.5.0] AndroidManifest.xml:44:17-121
211                android:value="com.google.firebase.components.ComponentRegistrar" />
211-->[com.google.firebase:firebase-common:19.5.0] AndroidManifest.xml:45:17-82
212        </service>
213
214        <provider
214-->[com.google.firebase:firebase-common:19.5.0] AndroidManifest.xml:26:9-31:39
215            android:name="com.google.firebase.provider.FirebaseInitProvider"
215-->[com.google.firebase:firebase-common:19.5.0] AndroidManifest.xml:27:13-77
216            android:authorities="com.selenalee123.firstappv2.firebaseinitprovider"
216-->[com.google.firebase:firebase-common:19.5.0] AndroidManifest.xml:28:13-72
217            android:directBootAware="true"
217-->[com.google.firebase:firebase-common:19.5.0] AndroidManifest.xml:29:13-43
218            android:exported="false"
218-->[com.google.firebase:firebase-common:19.5.0] AndroidManifest.xml:30:13-37
219            android:initOrder="100" />
219-->[com.google.firebase:firebase-common:19.5.0] AndroidManifest.xml:31:13-36
220        <!--
221         The initialization ContentProvider will call FacebookSdk.sdkInitialize automatically
222         with the application context. This config is merged in with the host app's manifest,
223         but there can only be one provider with the same authority activated at any given
224         point; so if the end user has two or more different apps that use Facebook SDK, only the
225         first one will be able to use the provider. To work around this problem, we use the
226         following placeholder in the authority to identify each host application as if it was
227         a completely different provider.
228        -->
229        <provider
229-->[com.facebook.android:facebook-core:7.1.0] AndroidManifest.xml:39:9-42:40
230            android:name="com.facebook.internal.FacebookInitProvider"
230-->[com.facebook.android:facebook-core:7.1.0] AndroidManifest.xml:40:13-70
231            android:authorities="com.selenalee123.firstappv2.FacebookInitProvider"
231-->[com.facebook.android:facebook-core:7.1.0] AndroidManifest.xml:41:13-72
232            android:exported="false" />
232-->[com.facebook.android:facebook-core:7.1.0] AndroidManifest.xml:42:13-37
233
234        <receiver
234-->[com.facebook.android:facebook-core:7.1.0] AndroidManifest.xml:44:9-50:20
235            android:name="com.facebook.CurrentAccessTokenExpirationBroadcastReceiver"
235-->[com.facebook.android:facebook-core:7.1.0] AndroidManifest.xml:45:13-86
236            android:exported="false" >
236-->[com.facebook.android:facebook-core:7.1.0] AndroidManifest.xml:46:13-37
237            <intent-filter>
237-->[com.facebook.android:facebook-core:7.1.0] AndroidManifest.xml:47:13-49:29
238                <action android:name="com.facebook.sdk.ACTION_CURRENT_ACCESS_TOKEN_CHANGED" />
238-->[com.facebook.android:facebook-core:7.1.0] AndroidManifest.xml:48:17-95
238-->[com.facebook.android:facebook-core:7.1.0] AndroidManifest.xml:48:25-92
239            </intent-filter>
240        </receiver>
241
242        <activity
242-->[com.google.android.gms:play-services-auth:19.0.0] AndroidManifest.xml:23:9-27:75
243            android:name="com.google.android.gms.auth.api.signin.internal.SignInHubActivity"
243-->[com.google.android.gms:play-services-auth:19.0.0] AndroidManifest.xml:24:13-93
244            android:excludeFromRecents="true"
244-->[com.google.android.gms:play-services-auth:19.0.0] AndroidManifest.xml:25:13-46
245            android:exported="false"
245-->[com.google.android.gms:play-services-auth:19.0.0] AndroidManifest.xml:26:13-37
246            android:theme="@android:style/Theme.Translucent.NoTitleBar" />
246-->[com.google.android.gms:play-services-auth:19.0.0] AndroidManifest.xml:27:13-72
247        <!--
248            Service handling Google Sign-In user revocation. For apps that do not integrate with
249            Google Sign-In, this service will never be started.
250        -->
251        <service
251-->[com.google.android.gms:play-services-auth:19.0.0] AndroidManifest.xml:33:9-37:51
252            android:name="com.google.android.gms.auth.api.signin.RevocationBoundService"
252-->[com.google.android.gms:play-services-auth:19.0.0] AndroidManifest.xml:34:13-89
253            android:exported="true"
253-->[com.google.android.gms:play-services-auth:19.0.0] AndroidManifest.xml:35:13-36
254            android:permission="com.google.android.gms.auth.api.signin.permission.REVOCATION_NOTIFICATION"
254-->[com.google.android.gms:play-services-auth:19.0.0] AndroidManifest.xml:36:13-107
255            android:visibleToInstantApps="true" />
255-->[com.google.android.gms:play-services-auth:19.0.0] AndroidManifest.xml:37:13-48
256
257        <activity
257-->[com.google.android.gms:play-services-base:17.1.0] AndroidManifest.xml:23:9-26:75
258            android:name="com.google.android.gms.common.api.GoogleApiActivity"
258-->[com.google.android.gms:play-services-base:17.1.0] AndroidManifest.xml:24:13-79
259            android:exported="false"
259-->[com.google.android.gms:play-services-base:17.1.0] AndroidManifest.xml:25:13-37
260            android:theme="@android:style/Theme.Translucent.NoTitleBar" />
260-->[com.google.android.gms:play-services-base:17.1.0] AndroidManifest.xml:26:13-72
261
262        <receiver
262-->[com.google.android.gms:play-services-measurement:18.0.0] AndroidManifest.xml:29:9-33:20
263            android:name="com.google.android.gms.measurement.AppMeasurementReceiver"
263-->[com.google.android.gms:play-services-measurement:18.0.0] AndroidManifest.xml:30:13-85
264            android:enabled="true"
264-->[com.google.android.gms:play-services-measurement:18.0.0] AndroidManifest.xml:31:13-35
265            android:exported="false" >
265-->[com.google.android.gms:play-services-measurement:18.0.0] AndroidManifest.xml:32:13-37
266        </receiver>
267
268        <service
268-->[com.google.android.gms:play-services-measurement:18.0.0] AndroidManifest.xml:35:9-38:40
269            android:name="com.google.android.gms.measurement.AppMeasurementService"
269-->[com.google.android.gms:play-services-measurement:18.0.0] AndroidManifest.xml:36:13-84
270            android:enabled="true"
270-->[com.google.android.gms:play-services-measurement:18.0.0] AndroidManifest.xml:37:13-35
271            android:exported="false" />
271-->[com.google.android.gms:play-services-measurement:18.0.0] AndroidManifest.xml:38:13-37
272        <service
272-->[com.google.android.gms:play-services-measurement:18.0.0] AndroidManifest.xml:39:9-43:72
273            android:name="com.google.android.gms.measurement.AppMeasurementJobService"
273-->[com.google.android.gms:play-services-measurement:18.0.0] AndroidManifest.xml:40:13-87
274            android:enabled="true"
274-->[com.google.android.gms:play-services-measurement:18.0.0] AndroidManifest.xml:41:13-35
275            android:exported="false"
275-->[com.google.android.gms:play-services-measurement:18.0.0] AndroidManifest.xml:42:13-37
276            android:permission="android.permission.BIND_JOB_SERVICE" />
276-->[com.google.android.gms:play-services-measurement:18.0.0] AndroidManifest.xml:43:13-69
277
278        <meta-data
278-->[com.google.android.gms:play-services-basement:17.1.1] AndroidManifest.xml:23:9-25:69
279            android:name="com.google.android.gms.version"
279-->[com.google.android.gms:play-services-basement:17.1.1] AndroidManifest.xml:24:13-58
280            android:value="@integer/google_play_services_version" />